Start testing: Jun 29 03:14 CEST
----------------------------------------------------------
1/2 Testing: build_test
1/2 Test: build_test
Command: "/usr/bin/cmake" "--build" "."
Directory: /home/sebastiaan/projects/bmptkpp/Build-environment/modules/INPUTLIB/build_test
"build_test" start time: Jun 29 03:14 CEST
Output:
----------------------------------------------------------
[100%] Built target unit_test
<end of output>
Test time =   0.05 sec
----------------------------------------------------------
Test Passed.
"build_test" end time: Jun 29 03:14 CEST
"build_test" time elapsed: 00:00:00
----------------------------------------------------------

2/2 Testing: unit_test
2/2 Test: unit_test
Command: "/home/sebastiaan/projects/bmptkpp/Build-environment/modules/INPUTLIB/build_test/unit_test"
Directory: /home/sebastiaan/projects/bmptkpp/Build-environment/modules/INPUTLIB/build_test
"unit_test" start time: Jun 29 03:14 CEST
Output:
----------------------------------------------------------
<end of output>
Test time =   0.11 sec
----------------------------------------------------------
Test Failed.
"unit_test" end time: Jun 29 03:14 CEST
"unit_test" time elapsed: 00:00:00
----------------------------------------------------------

End testing: Jun 29 03:14 CEST
